2018-02-27 13:26:26,767 INFO >> Start - Mail Cleaning - Remove signature, Offer Standardize etc
2018-02-27 13:26:26,817 INFO << End - Mail Cleaning
2018-02-27 13:29:31,813 INFO >> Start - Preprocessing. Standardize Face amount, Weight... etc
2018-02-27 13:29:31,813 DEBUG Opening -Data/regexProcessed.csv
2018-02-27 14:00:50,704 INFO >> Start - Model Maker
2018-02-27 14:00:50,704 INFO >> Start - Mail Cleaning - Remove signature, Offer Standardize etc
2018-02-27 14:00:50,756 INFO << End - Mail Cleaning
2018-02-27 14:02:33,467 INFO >> Start - Preprocessing. Standardize Face amount, Weight... etc
2018-02-27 14:02:33,467 DEBUG Opening -Data/regexProcessed.csv
2018-02-27 14:06:37,686 INFO >> Start - Model Maker
2018-02-27 14:06:37,686 INFO >> Start - Mail Cleaning - Remove signature, Offer Standardize etc
2018-02-27 14:06:37,736 INFO << End - Mail Cleaning
2018-02-27 14:07:29,354 INFO >> Start - Preprocessing. Standardize Face amount, Weight... etc
2018-02-27 14:07:29,354 DEBUG Opening -Data/regexProcessed.csv
2018-02-27 14:46:35,712 INFO >> Start - Model Maker
2018-02-27 14:46:35,712 INFO >> Start - Mail Cleaning - Remove signature, Offer Standardize etc
2018-02-27 14:46:35,762 INFO << End - Mail Cleaning
2018-02-27 14:52:09,750 INFO >> Start - Model Maker
2018-02-27 14:52:09,750 INFO >> Start - Mail Cleaning - Remove signature, Offer Standardize etc
2018-02-27 14:52:09,801 INFO << End - Mail Cleaning
2018-02-27 14:53:03,810 INFO >> Start - Preprocessing. Standardize Face amount, Weight... etc
2018-02-27 14:53:03,810 DEBUG Opening -Data/regexProcessed.csv
2018-02-27 14:55:52,702 INFO >> Start - Model Maker
2018-02-27 14:55:52,702 INFO >> Start - Mail Cleaning - Remove signature, Offer Standardize etc
2018-02-27 14:55:52,752 INFO << End - Mail Cleaning
2018-02-27 14:56:44,087 INFO >> Start - Preprocessing. Standardize Face amount, Weight... etc
2018-02-27 14:56:44,087 DEBUG Opening -Data/regexProcessed.csv
2018-02-27 15:15:11,458 INFO >> Start - Model Maker
2018-02-27 15:15:11,459 INFO >> Start - Mail Cleaning - Remove signature, Offer Standardize etc
2018-02-27 15:15:11,507 INFO << End - Mail Cleaning
2018-02-27 15:16:04,271 INFO >> Start - Preprocessing. Standardize Face amount, Weight... etc
2018-02-27 15:16:04,271 DEBUG Opening -Data/regexProcessed.csv
2018-02-27 15:58:13,277 INFO >> Start - Model Maker
2018-02-27 15:58:13,277 INFO >> Start - Mail Cleaning - Remove signature, Offer Standardize etc
2018-02-27 15:58:13,326 INFO << End - Mail Cleaning
2018-02-27 15:59:04,566 INFO >> Start - Preprocessing. Standardize Face amount, Weight... etc
2018-02-27 15:59:04,566 DEBUG Opening -Data/regexProcessed.csv
2018-02-27 16:05:47,261 INFO >> Start - Model Maker
2018-02-27 16:05:47,261 INFO >> Start - Mail Cleaning - Remove signature, Offer Standardize etc
2018-02-27 16:05:47,310 INFO << End - Mail Cleaning
2018-02-27 16:06:43,894 INFO >> Start - Preprocessing. Standardize Face amount, Weight... etc
2018-02-27 16:06:43,895 DEBUG Opening -Data/regexProcessed.csv
2018-02-27 16:08:02,421 INFO >> Start - Model Maker
2018-02-27 16:08:02,421 INFO >> Start - Mail Cleaning - Remove signature, Offer Standardize etc
2018-02-27 16:08:02,484 INFO << End - Mail Cleaning
2018-02-27 16:08:57,459 INFO >> Start - Preprocessing. Standardize Face amount, Weight... etc
2018-02-27 16:08:57,459 DEBUG Opening -Data/regexProcessed.csv
2018-02-27 16:08:57,465 INFO Standardize Weight
2018-02-27 16:08:57,466 INFO Standardize Face amount
2018-02-27 16:08:57,468 INFO << End - Preprocess
2018-02-27 16:08:57,468 INFO >> Start - Model making
2018-02-27 16:08:59,447 INFO >> Start - Model training Random Forest
2018-02-27 16:08:59,810 INFO Random Forest               25.000               0.154                        0.102s 
 
2018-02-27 16:17:07,761 INFO >> Start - Model Maker
2018-02-27 16:17:07,761 INFO >> Start - Mail Cleaning - Remove signature, Offer Standardize etc
2018-02-27 16:17:07,811 INFO << End - Mail Cleaning
2018-02-27 16:18:09,658 INFO >> Start - Preprocessing. Standardize Face amount, Weight... etc
2018-02-27 16:18:09,658 DEBUG Opening -Data/regexProcessed.csv
2018-02-27 16:18:09,664 INFO Standardize Weight
2018-02-27 16:18:09,665 INFO Standardize Face amount
2018-02-27 16:18:09,667 INFO << End - Preprocess
2018-02-27 16:18:09,667 INFO >> Start - Model making
2018-02-27 16:18:11,614 INFO >> Start - Model training Random Forest
2018-02-27 16:18:11,975 INFO Random Forest               25.000               0.152                        0.102s 
 
2018-02-27 16:18:11,976 INFO [[1 0 0 0]
 [1 0 0 0]
 [1 0 0 0]
 [1 0 0 0]]
2018-02-27 16:18:11,976 INFO >> Start - Model training SVM
2018-02-27 16:18:11,984 INFO SVM                         25.000               0.004                        0.001s 
 
2018-02-27 16:18:11,985 INFO [[1 0 0 0 0]
 [0 0 0 1 0]
 [1 0 0 0 0]
 [0 0 0 0 0]
 [1 0 0 0 0]]
2018-02-27 16:18:11,985 INFO >> Start - Model training Logistic Regression
2018-02-27 16:18:11,993 INFO Logistic Regression         25.000               0.005                        0.001s 
 
2018-02-27 16:18:11,994 INFO [[1 0 0 0 0]
 [0 0 0 1 0]
 [1 0 0 0 0]
 [0 0 0 0 0]
 [1 0 0 0 0]]
2018-02-27 16:18:11,994 INFO >> Start - Model training SGDClassifier
2018-02-27 16:18:12,004 INFO SGDClassifier               0.000                0.005                        0.001s 
 
2018-02-27 16:18:12,005 INFO [[0 0 0 0 0 1]
 [0 0 0 0 0 0]
 [0 0 0 0 1 0]
 [1 0 0 0 0 0]
 [0 0 0 0 0 0]
 [0 1 0 0 0 0]]
2018-02-27 16:18:12,005 INFO << End - Model making
2018-02-27 16:18:12,005 INFO << End - Model Maker
2018-02-27 17:23:15,120 INFO >> Start - Model Maker
2018-02-27 17:23:15,120 INFO >> Start - Mail Cleaning - Remove signature, Offer Standardize etc
2018-02-27 17:23:15,169 INFO << End - Mail Cleaning
2018-02-27 17:24:22,527 INFO >> Start - Preprocessing. Standardize Face amount, Weight... etc
2018-02-27 17:24:22,527 DEBUG Opening -Data/regexProcessed.csv
2018-02-27 17:24:22,533 INFO Standardize Weight
2018-02-27 17:24:22,534 INFO Standardize Face amount
2018-02-27 17:24:22,536 INFO << End - Preprocess
2018-02-27 17:24:22,536 INFO >> Start - Model making
2018-02-27 17:24:24,552 INFO >> Start - Model training Random Forest
2018-02-27 17:24:24,920 INFO Random Forest               25.000               0.155                        0.103s 
 
2018-02-27 17:24:24,921 INFO [[1 0 0 0]
 [1 0 0 0]
 [1 0 0 0]
 [1 0 0 0]]
2018-02-27 17:24:24,921 INFO >> Start - Model training SVM
2018-02-27 17:24:24,936 INFO SVM                         25.000               0.007                        0.002s 
 
2018-02-27 17:24:24,937 INFO [[1 0 0 0 0]
 [0 0 0 1 0]
 [1 0 0 0 0]
 [0 0 0 0 0]
 [1 0 0 0 0]]
2018-02-27 17:24:24,937 INFO >> Start - Model training Logistic Regression
2018-02-27 17:24:24,953 INFO Logistic Regression         25.000               0.008                        0.002s 
 
2018-02-27 17:24:24,954 INFO [[1 0 0 0 0]
 [0 0 0 1 0]
 [1 0 0 0 0]
 [0 0 0 0 0]
 [1 0 0 0 0]]
2018-02-27 17:24:24,954 INFO >> Start - Model training SGDClassifier
2018-02-27 17:24:24,970 INFO SGDClassifier               0.000                0.008                        0.002s 
 
2018-02-27 17:24:24,971 INFO [[0 0 0 0 0 0 1]
 [0 0 0 0 0 0 0]
 [0 0 0 0 0 1 0]
 [0 0 0 0 1 0 0]
 [0 0 0 0 0 0 0]
 [0 0 0 0 0 0 0]
 [0 1 0 0 0 0 0]]
2018-02-27 17:24:24,971 INFO << End - Model making
2018-02-27 17:24:24,971 INFO << End - Model Maker
2018-02-27 17:40:22,551 INFO >> Start - Model Maker
2018-02-27 17:40:22,551 INFO >> Start - Mail Cleaning - Remove signature, Offer Standardize etc
2018-02-27 17:40:22,600 INFO << End - Mail Cleaning
2018-02-27 17:41:29,765 INFO >> Start - Preprocessing. Standardize Face amount, Weight... etc
2018-02-27 17:41:29,766 DEBUG Opening -Data/regexProcessed.csv
2018-02-27 17:41:29,771 INFO Standardize Weight
2018-02-27 17:41:29,773 INFO Standardize Face amount
2018-02-27 17:41:29,775 INFO << End - Preprocess
2018-02-27 17:41:29,775 INFO >> Start - Model making
2018-02-27 17:41:31,735 INFO >> Start - Model training Random Forest
2018-02-27 17:41:32,103 INFO Random Forest               25.000               0.157                        0.102s 
 
2018-02-27 17:41:32,104 INFO [[1 0 0 0]
 [1 0 0 0]
 [1 0 0 0]
 [1 0 0 0]]
2018-02-27 17:41:32,104 INFO >> Start - Model training SVM
2018-02-27 17:41:32,112 INFO SVM                         25.000               0.004                        0.001s 
 
2018-02-27 17:41:32,112 INFO [[1 0 0 0]
 [1 0 0 0]
 [1 0 0 0]
 [1 0 0 0]]
2018-02-27 17:41:32,112 INFO >> Start - Model training Logistic Regression
2018-02-27 17:41:32,121 INFO Logistic Regression         0.000                0.005                        0.001s 
 
2018-02-27 17:41:32,122 INFO [[0 0 0 0 1]
 [0 0 0 1 0]
 [1 0 0 0 0]
 [0 0 0 0 0]
 [1 0 0 0 0]]
2018-02-27 17:41:32,122 INFO >> Start - Model training SGDClassifier
2018-02-27 17:41:32,131 INFO SGDClassifier               0.000                0.005                        0.001s 
 
2018-02-27 17:41:32,132 INFO [[0 0 0 0 0 1]
 [0 0 0 0 0 0]
 [0 0 0 0 1 0]
 [0 1 0 0 0 0]
 [0 0 0 0 0 0]
 [0 1 0 0 0 0]]
2018-02-27 17:41:32,132 INFO << End - Model making
2018-02-27 17:41:32,132 INFO << End - Model Maker
2018-02-27 21:51:27,325 INFO >> Start - Predection maker
2018-02-27 21:51:27,326 INFO >> Start - Reading Mailbox
2018-02-27 21:51:27,326 INFO Connect to mailbox - trial_wali_id@outlook.com
2018-02-27 21:51:29,990 DEBUG Connection Established
2018-02-27 21:51:30,324 DEBUG UnRead eMails [779]
2018-02-27 21:51:30,557 DEBUG Urpredicted eMails []
2018-02-27 21:51:30,557 DEBUG Fetching Email Data
2018-02-27 21:51:30,621 DEBUG << End - Mail read
2018-02-27 21:51:48,551 INFO >> Start - Predection maker
2018-02-27 21:51:48,551 INFO >> Start - Reading Mailbox
2018-02-27 21:51:48,551 INFO Connect to mailbox - trial_wali_id@outlook.com
2018-02-27 21:51:52,337 DEBUG Connection Established
2018-02-27 21:51:52,671 DEBUG UnRead eMails [779]
2018-02-27 21:51:52,865 DEBUG Urpredicted eMails [779]
2018-02-27 21:51:52,865 DEBUG Fetching Email Data
2018-02-27 21:51:53,571 DEBUG << End - Mail read
2018-02-27 21:51:53,573 INFO >> Start Mail cleaning
2018-02-27 21:51:53,573 INFO >> Start - Mail Cleaning - Remove signature, Offer Standardize etc
2018-02-27 21:51:53,583 INFO << End - Mail Cleaning
2018-02-27 21:51:53,583 INFO >> Start Regex Processing
2018-02-27 21:51:53,583 INFO >> Start - Feature extractions using
2018-02-27 21:51:53,583 DEBUG Opening Raw Data File - Data/regexProcessed.csv
2018-02-27 21:51:53,605 INFO >> End - Feature extractions using
2018-02-27 21:51:53,606 INFO >> Start PreProcess
2018-02-27 21:51:53,606 INFO >> Start - Preprocessing. Standardize Face amount, Weight... etc
2018-02-27 21:51:53,606 DEBUG Opening -Data/regexProcessed.csv
2018-02-27 21:54:16,973 INFO >> Start - Predection maker
2018-02-27 21:54:16,973 INFO >> Start - Reading Mailbox
2018-02-27 21:54:16,973 INFO Connect to mailbox - trial_wali_id@outlook.com
2018-02-27 21:54:17,822 DEBUG Connection Established
2018-02-27 21:54:18,133 DEBUG UnRead eMails [779]
2018-02-27 21:54:18,308 DEBUG Urpredicted eMails [779]
2018-02-27 21:54:18,308 DEBUG Fetching Email Data
2018-02-27 21:54:18,785 DEBUG << End - Mail read
2018-02-27 21:54:18,787 INFO >> Start Mail cleaning
2018-02-27 21:54:18,787 INFO >> Start - Mail Cleaning - Remove signature, Offer Standardize etc
2018-02-27 21:54:18,841 INFO << End - Mail Cleaning
2018-02-27 21:54:18,841 INFO >> Start Regex Processing
2018-02-27 21:54:59,012 INFO >> Start PreProcess
2018-02-27 21:54:59,012 INFO >> Start - Preprocessing. Standardize Face amount, Weight... etc
2018-02-27 21:54:59,012 DEBUG Opening -Data/regexProcessed.csv
2018-02-27 21:54:59,030 INFO Standardize Weight
2018-02-27 21:54:59,031 INFO Standardize Face amount
2018-02-27 21:54:59,033 INFO << End - Preprocess
2018-02-27 21:54:59,033 DEBUG Read CSVData/PProcessed.csv
2018-02-27 21:54:59,037 DEBUG Contents= [' Subject: [External]Female Age 33\r\n\r\nThis message was sent securely using ZixCorp.\r\n\r\n\r\nHistory of lung cancer:\r\nDate of diagnosis - XXXX.\r\nStage of cancer - Stage XA\r\nTreatment - Removal\r\nDate treatment was completed - XXXX\r\nAny recurrence or spread? no\r\nAny tobacco use since diagnosis? no\r\nAny complications from treatment? No\r\n\r\nWondering what rating class she might qualify for in a None,trial_wali_id@outlook.com,female,33,Non-Tobacco']
2018-02-27 21:54:59,037 INFO >> Start tokenize and remove punctuations
2018-02-27 21:55:01,008 DEBUG Features= [['subject', '[', 'external', ']', 'female', 'age', '33', 'message', 'send', 'securely', 'use', 'zixcorp', 'history', 'lung', 'cancer', 'date', 'diagnosis', 'xxxx', 'stage', 'cancer', 'stage', 'xa', 'treatment', 'removal', 'date', 'treatment', 'complete', 'xxxx', 'recurrence', 'spread', '?', 'tobacco', 'use', 'since', 'diagnosis', '?', 'complication', 'treatment', '?', 'wonder', 'rating', 'class', 'might', 'qualify', 'none', 'trial_wali_id', 'outlook', 'com', 'female', '33', 'non', 'tobacco']]
2018-02-27 21:55:01,011 INFO >> Start Prediction
2018-02-27 21:55:01,061 INFO Offer= 0    [A]
Name: result, dtype: object
2018-02-27 21:55:01,065 INFO >> Start - Mail Append
2018-02-27 21:55:01,065 INFO Connect to mailbox - trial_wali_id@outlook.com
2018-02-27 21:55:01,799 DEBUG Connection Established
2018-02-27 21:55:03,259 INFO << End - Mail Append
2018-02-27 21:55:03,261 INFO << End - Predection maker
